make all --print-data-base --no-builtin-variables --no-builtin-rules --question
make: *** No rule to make target 'all'.  Stop.

# GNU Make 4.1
# Built for x86_64-pc-linux-gnu
# Copyright (C) 1988-2014 Free Software Foundation, Inc.
# License GPLv3+: GNU GPL version 3 or later <http://gnu.org/licenses/gpl.html>
# This is free software: you are free to change and redistribute it.
# There is NO WARRANTY, to the extent permitted by law.

# Make data base, printed on Fri Jul  8 01:28:40 2022

# Variables

# automatic
<D = $(patsubst %/,%,$(dir $<))
# automatic
?F = $(notdir $?)
# environment
DESKTOP_SESSION = xfce
# default
.SHELLFLAGS := -c
# environment
XDG_SESSION_TYPE = x11
# environment
VSCODE_LOG_NATIVE = false
# environment
NVM_INC = /home/ricardo/.nvm/versions/node/v8.16.2/include/node
# automatic
?D = $(patsubst %/,%,$(dir $?))
# automatic
@D = $(patsubst %/,%,$(dir $@))
# environment
XAUTHORITY = /home/ricardo/.Xauthority
# environment
GDMSESSION = xfce
# default
MAKE_VERSION := 4.1
# makefile
CURDIR := /home/ricardo/Workspace/ReactJs/curso-intro-react
# makefile
SHELL = /bin/sh
# environment
GDM_LANG = es_AR
# environment
VSCODE_NLS_CONFIG = {"locale":"es","availableLanguages":{"*":"es"},"_languagePackId":"eae11d900af9c06c6da7ac60cedf8cf9.es","_translationsConfigFile":"/home/ricardo/.config/Code/clp/eae11d900af9c06c6da7ac60cedf8cf9.es/tcf.json","_cacheRoot":"/home/ricardo/.config/Code/clp/eae11d900af9c06c6da7ac60cedf8cf9.es","_resolvedLanguagePackCoreLocation":"/home/ricardo/.config/Code/clp/eae11d900af9c06c6da7ac60cedf8cf9.es/30d9c6cd9483b2cc586687151bcbcd635f373630","_corruptedFile":"/home/ricardo/.config/Code/clp/eae11d900af9c06c6da7ac60cedf8cf9.es/corrupted.info","_languagePackSupport":true}
# environment
_ = /usr/share/code/code
# environment
XDG_CONFIG_DIRS = /etc/xdg/xdg-xfce:/etc/xdg:/etc/xdg
# makefile (from 'Makefile', line 1)
MAKEFILE_LIST :=  Makefile
# automatic
@F = $(notdir $@)
# 'override' directive
GNUMAKEFLAGS := 
# environment
MAKELEVEL := 0
# environment
MANDATORY_PATH = /usr/share/gconf/xfce.mandatory.path
# environment
XDG_DATA_DIRS = /usr/share/xfce4:/usr/share/xfce:/usr/local/share:/usr/share:/var/lib/snapd/desktop:/usr/share
# environment
DBUS_SESSION_BUS_ADDRESS = unix:path=/run/user/1000/bus
# environment
VSCODE_VERBOSE_LOGGING = true
# environment
GLADE_PIXMAP_PATH = :
# environment
VSCODE_IPC_HOOK_EXTHOST = /run/user/1000/vscode-ipc-82f18a29-a95c-4867-8204-fea41d53ed7c.sock
# environment
VSCODE_CWD = /home/ricardo
# environment
XDG_SESSION_PATH = /org/freedesktop/DisplayManager/Session0
# default
MAKE_HOST := x86_64-pc-linux-gnu
# environment
PATH = /home/ricardo/.nvm/versions/node/v8.16.2/bin:/home/ricardo/.local/bin:/usr/local/sbin:/usr/local/bin:/usr/sbin:/usr/bin:/sbin:/bin:/usr/games:/usr/local/games:/snap/bin:/home/ricardo/.fzf/bin
# environment
LSCOLORS = Gxfxcxdxbxegedabagacad
# environment
SESSION_MANAGER = local/zaku:@/tmp/.ICE-unix/3392,unix/zaku:/tmp/.ICE-unix/3392
# environment
XDG_RUNTIME_DIR = /run/user/1000
# environment
NVM_BIN = /home/ricardo/.nvm/versions/node/v8.16.2/bin
# environment
XDG_MENU_PREFIX = xfce-
# environment
VSCODE_LOG_STACK = false
# environment
ELECTRON_RUN_AS_NODE = 1
# default
.FEATURES := target-specific order-only second-expansion else-if shortest-stem undefine oneshell archives jobserver output-sync check-symlink load
# environment
GLADE_MODULE_PATH = :
# environment
XDG_GREETER_DATA_DIR = /var/lib/lightdm-data/ricardo
# environment
LS_COLORS = 
# environment
XDG_SESSION_DESKTOP = xfce
# environment
SSH_AUTH_SOCK = /tmp/ssh-oPVMD1GzD8A1/agent.3261
# automatic
%F = $(notdir $%)
# environment
DISPLAY = :0.0
# environment
VSCODE_PIPE_LOGGING = true
# environment
PWD = /home/ricardo/Workspace/ReactJs/curso-intro-react
# environment
XDG_SEAT = seat0
# environment
CAPACITOR_ANDROID_STUDIO_PATH = /opt/android-studio/bin/studio.sh
# environment
SSH_AGENT_PID = 3374
# environment
ORIGINAL_XDG_CURRENT_DESKTOP = XFCE
# environment
VSCODE_AMD_ENTRYPOINT = vs/workbench/api/node/extensionHostProcess
# environment
HOME = /home/ricardo
# environment
VSCODE_CODE_CACHE_PATH = /home/ricardo/.config/Code/CachedData/30d9c6cd9483b2cc586687151bcbcd635f373630
# environment
LOGNAME = ricardo
# environment
APPLICATION_INSIGHTS_NO_DIAGNOSTIC_CHANNEL = 1
# environment
NVM_CD_FLAGS = -q
# environment
ZSH = /home/ricardo/.oh-my-zsh
# environment
VSCODE_HANDLES_UNCAUGHT_ERRORS = true
# automatic
^D = $(patsubst %/,%,$(dir $^))
# environment
XDG_VTNR = 7
# environment
GLADE_CATALOG_PATH = :
# default
MAKE = $(MAKE_COMMAND)
# default
MAKECMDGOALS := all
# environment
SHLVL = 0
# environment
XDG_SESSION_ID = c2
# environment
USER = ricardo
# makefile
.DEFAULT_GOAL := 
# environment
XDG_CURRENT_DESKTOP = XFCE
# environment
LESS = -R
# automatic
%D = $(patsubst %/,%,$(dir $%))
# default
MAKE_COMMAND := make
# environment
OLDPWD = /home/ricardo
# default
.VARIABLES := 
# automatic
*F = $(notdir $*)
# environment
LANGUAGE = es_AR
# environment
XDG_SEAT_PATH = /org/freedesktop/DisplayManager/Seat0
# environment
VSCODE_IPC_HOOK = /run/user/1000/vscode-6712e268-1.68.1-main.sock
# makefile
MAKEFLAGS = pqrR
# environment
MFLAGS = -pqrR
# automatic
*D = $(patsubst %/,%,$(dir $*))
# environment
NVM_DIR = /home/ricardo/.nvm
# automatic
+D = $(patsubst %/,%,$(dir $+))
# environment
GDK_BACKEND = x11
# automatic
+F = $(notdir $+)
# environment
S_COLORS = auto
# environment
QT_ACCESSIBILITY = 1
# environment
DEFAULTS_PATH = /usr/share/gconf/xfce.default.path
# default
MAKEFILES := 
# automatic
<F = $(notdir $<)
# environment
PAGER = less
# environment
ANDROID_SDK_ROOT = /home/ricardo/Android/Sdk
# environment
LC_ALL = C
# automatic
^F = $(notdir $^)
# default
SUFFIXES := 
# environment
CHROME_DESKTOP = code-url-handler.desktop
# default
.INCLUDE_DIRS = /usr/include /usr/local/include /usr/include
# default
.RECIPEPREFIX := 
# environment
LANG = C
# environment
VSCODE_PID = 9623
# variable set hash-table stats:
 
# Load=102/1024=10%, Rehash=0, Collisions=8/126=6%

# Pattern-specific Variable Values

# No pattern-specific variable values.

# Directories

# . (device 2098, inode 22962258): 13 files, no impossibilities.

# 13 files, no impossibilities in 1 directories.

# Implicit Rules

# No implicit rules.

# Files

# Not a target:
all:
#  Command line target.
#  Implicit rule search has been done.
#  File does not exist.
#  File has not been updated.

# Not a target:
Makefile:
#  Implicit rule search has been done.
#  Last modified 2022-07-08 01:28:29.269229831
#  File has been updated.
#  Successfully updated.

# Not a target:
.DEFAULT:
#  Implicit rule search has not been done.
#  Modification time never checked.
#  File has not been updated.

# files hash-table stats:
# Load=4/1024=0%, Rehash=0, Collisions=0/14=0%
# VPATH Search Paths

# No 'vpath' search paths.

# No general ('VPATH' variable) search path.

# strcache buffers: 1 (0) / strings = 18 / storage = 165 B / avg = 9 B
# current buf: size = 8162 B / used = 165 B / count = 18 / avg = 9 B

# strcache performance: lookups = 22 / hit rate = 18%
# hash-table stats:
# Load=18/8192=0%, Rehash=0, Collisions=1/22=5%
# Finished Make data base on Fri Jul  8 01:28:40 2022

 
